<?xml version="1.0" encoding="UTF-8"?>
<!-- Generated by org.testng.reporters.JUnitReportReporter -->
<testsuite skipped="0" hostname="DESKTOP-IG7NEEC" name="Demo.DataProviderTest1" tests="3" failures="0" timestamp="05 Nov 2018 02:31:19 GMT" time="0.029" errors="0">
  <testcase name="VerifyInvalidLogin" time="0.005" classname="Demo.DataProviderTest1"/>
  <testcase name="VerifyInvalidLogin" time="0.006" classname="Demo.DataProviderTest1"/>
  <testcase name="VerifyInvalidLogin" time="0.018" classname="Demo.DataProviderTest1"/>
</testsuite> <!-- Demo.DataProviderTest1 -->
